<?xml version="1.0" encoding="UTF-8" standalone="no"?>
<!DOCTYPE log SYSTEM "logger.dtd">
<log>
<record>
  <date>2015-02-09T17:12:40</date>
  <millis>1423469560951</millis>
  <sequence>0</sequence>
  <logger>com.khpark</logger>
  <level>INFO</level>
  <class>com.khpark.cleint.SimpleChatClient</class>
  <method>info</method>
  <thread>1</thread>
  <message>Writer is started..</message>
</record>
<record>
  <date>2015-02-09T17:12:40</date>
  <millis>1423469560971</millis>
  <sequence>1</sequence>
  <logger>com.khpark</logger>
  <level>INFO</level>
  <class>com.khpark.cleint.SimpleChatClient</class>
  <method>info</method>
  <thread>1</thread>
  <message>Reader is started..</message>
</record>
<record>
  <date>2015-02-09T17:12:40</date>
  <millis>1423469560972</millis>
  <sequence>2</sequence>
  <logger>com.khpark</logger>
  <level>INFO</level>
  <class>com.khpark.cleint.SimpleChatClient</class>
  <method>info</method>
  <thread>1</thread>
  <message>요청을 기다리는 중..</message>
</record>
<record>
  <date>2015-02-09T17:12:44</date>
  <millis>1423469564845</millis>
  <sequence>3</sequence>
  <logger>com.khpark</logger>
  <level>INFO</level>
  <class>com.khpark.cleint.SimpleChatClient</class>
  <method>info</method>
  <thread>1</thread>
  <message>5 byte 를 읽었습니다.</message>
</record>
<record>
  <date>2015-02-09T17:12:44</date>
  <millis>1423469564848</millis>
  <sequence>4</sequence>
  <logger>com.khpark</logger>
  <level>INFO</level>
  <class>com.khpark.cleint.SimpleChatClient</class>
  <method>info</method>
  <thread>1</thread>
  <message>요청을 기다리는 중..</message>
</record>
<record>
  <date>2015-02-09T17:12:47</date>
  <millis>1423469567673</millis>
  <sequence>5</sequence>
  <logger>com.khpark</logger>
  <level>INFO</level>
  <class>com.khpark.cleint.SimpleChatClient</class>
  <method>info</method>
  <thread>1</thread>
  <message>60 byte 를 읽었습니다.</message>
</record>
<record>
  <date>2015-02-09T17:12:47</date>
  <millis>1423469567675</millis>
  <sequence>6</sequence>
  <logger>com.khpark</logger>
  <level>INFO</level>
  <class>com.khpark.cleint.SimpleChatClient</class>
  <method>info</method>
  <thread>1</thread>
  <message>요청을 기다리는 중..</message>
</record>
<record>
  <date>2015-02-09T17:12:47</date>
  <millis>1423469567677</millis>
  <sequence>7</sequence>
  <logger>com.khpark</logger>
  <level>INFO</level>
  <class>com.khpark.cleint.SimpleChatClient</class>
  <method>info</method>
  <thread>1</thread>
  <message>37 byte 를 읽었습니다.</message>
</record>
<record>
  <date>2015-02-09T17:12:47</date>
  <millis>1423469567679</millis>
  <sequence>8</sequence>
  <logger>com.khpark</logger>
  <level>INFO</level>
  <class>com.khpark.cleint.SimpleChatClient</class>
  <method>info</method>
  <thread>1</thread>
  <message>요청을 기다리는 중..</message>
</record>
<record>
  <date>2015-02-09T17:12:47</date>
  <millis>1423469567682</millis>
  <sequence>9</sequence>
  <logger>com.khpark</logger>
  <level>INFO</level>
  <class>com.khpark.cleint.SimpleChatClient</class>
  <method>info</method>
  <thread>1</thread>
  <message>46 byte 를 읽었습니다.</message>
</record>
<record>
  <date>2015-02-09T17:12:47</date>
  <millis>1423469567686</millis>
  <sequence>10</sequence>
  <logger>com.khpark</logger>
  <level>INFO</level>
  <class>com.khpark.cleint.SimpleChatClient</class>
  <method>info</method>
  <thread>1</thread>
  <message>요청을 기다리는 중..</message>
</record>
<record>
  <date>2015-02-09T17:12:47</date>
  <millis>1423469567688</millis>
  <sequence>11</sequence>
  <logger>com.khpark</logger>
  <level>INFO</level>
  <class>com.khpark.cleint.SimpleChatClient</class>
  <method>info</method>
  <thread>1</thread>
  <message>47 byte 를 읽었습니다.</message>
</record>
<record>
  <date>2015-02-09T17:12:47</date>
  <millis>1423469567690</millis>
  <sequence>12</sequence>
  <logger>com.khpark</logger>
  <level>INFO</level>
  <class>com.khpark.cleint.SimpleChatClient</class>
  <method>info</method>
  <thread>1</thread>
  <message>요청을 기다리는 중..</message>
</record>
<record>
  <date>2015-02-09T17:12:47</date>
  <millis>1423469567692</millis>
  <sequence>13</sequence>
  <logger>com.khpark</logger>
  <level>INFO</level>
  <class>com.khpark.cleint.SimpleChatClient</class>
  <method>info</method>
  <thread>1</thread>
  <message>75 byte 를 읽었습니다.</message>
</record>
<record>
  <date>2015-02-09T17:12:47</date>
  <millis>1423469567693</millis>
  <sequence>14</sequence>
  <logger>com.khpark</logger>
  <level>INFO</level>
  <class>com.khpark.cleint.SimpleChatClient</class>
  <method>info</method>
  <thread>1</thread>
  <message>요청을 기다리는 중..</message>
</record>
<record>
  <date>2015-02-09T17:12:47</date>
  <millis>1423469567695</millis>
  <sequence>15</sequence>
  <logger>com.khpark</logger>
  <level>INFO</level>
  <class>com.khpark.cleint.SimpleChatClient</class>
  <method>info</method>
  <thread>1</thread>
  <message>186 byte 를 읽었습니다.</message>
</record>
<record>
  <date>2015-02-09T17:12:47</date>
  <millis>1423469567696</millis>
  <sequence>16</sequence>
  <logger>com.khpark</logger>
  <level>INFO</level>
  <class>com.khpark.cleint.SimpleChatClient</class>
  <method>info</method>
  <thread>1</thread>
  <message>요청을 기다리는 중..</message>
</record>
<record>
  <date>2015-02-09T17:12:47</date>
  <millis>1423469567705</millis>
  <sequence>17</sequence>
  <logger>com.khpark</logger>
  <level>INFO</level>
  <class>com.khpark.cleint.SimpleChatClient</class>
  <method>info</method>
  <thread>1</thread>
  <message>69 byte 를 읽었습니다.</message>
</record>
<record>
  <date>2015-02-09T17:12:47</date>
  <millis>1423469567706</millis>
  <sequence>18</sequence>
  <logger>com.khpark</logger>
  <level>INFO</level>
  <class>com.khpark.cleint.SimpleChatClient</class>
  <method>info</method>
  <thread>1</thread>
  <message>요청을 기다리는 중..</message>
</record>
<record>
  <date>2015-02-09T17:13:08</date>
  <millis>1423469588171</millis>
  <sequence>19</sequence>
  <logger>com.khpark</logger>
  <level>INFO</level>
  <class>com.khpark.cleint.SimpleChatClient</class>
  <method>info</method>
  <thread>1</thread>
  <message>5 byte 를 읽었습니다.</message>
</record>
<record>
  <date>2015-02-09T17:13:08</date>
  <millis>1423469588173</millis>
  <sequence>20</sequence>
  <logger>com.khpark</logger>
  <level>INFO</level>
  <class>com.khpark.cleint.SimpleChatClient</class>
  <method>info</method>
  <thread>1</thread>
  <message>요청을 기다리는 중..</message>
</record>
<record>
  <date>2015-02-09T17:13:18</date>
  <millis>1423469598569</millis>
  <sequence>21</sequence>
  <logger>com.khpark</logger>
  <level>INFO</level>
  <class>com.khpark.cleint.SimpleChatClient</class>
  <method>info</method>
  <thread>1</thread>
  <message>20 byte 를 읽었습니다.</message>
</record>
<record>
  <date>2015-02-09T17:13:18</date>
  <millis>1423469598571</millis>
  <sequence>22</sequence>
  <logger>com.khpark</logger>
  <level>INFO</level>
  <class>com.khpark.cleint.SimpleChatClient</class>
  <method>info</method>
  <thread>1</thread>
  <message>요청을 기다리는 중..</message>
</record>
<record>
  <date>2015-02-09T17:14:02</date>
  <millis>1423469642541</millis>
  <sequence>23</sequence>
  <logger>com.khpark</logger>
  <level>INFO</level>
  <class>com.khpark.cleint.SimpleChatClient</class>
  <method>info</method>
  <thread>1</thread>
  <message>3 byte 를 읽었습니다.</message>
</record>
<record>
  <date>2015-02-09T17:14:02</date>
  <millis>1423469642543</millis>
  <sequence>24</sequence>
  <logger>com.khpark</logger>
  <level>INFO</level>
  <class>com.khpark.cleint.SimpleChatClient</class>
  <method>info</method>
  <thread>1</thread>
  <message>요청을 기다리는 중..</message>
</record>
<record>
  <date>2015-02-09T17:15:08</date>
  <millis>1423469708446</millis>
  <sequence>25</sequence>
  <logger>com.khpark</logger>
  <level>INFO</level>
  <class>com.khpark.cleint.SimpleChatClient</class>
  <method>info</method>
  <thread>1</thread>
  <message>6 byte 를 읽었습니다.</message>
</record>
<record>
  <date>2015-02-09T17:15:08</date>
  <millis>1423469708447</millis>
  <sequence>26</sequence>
  <logger>com.khpark</logger>
  <level>INFO</level>
  <class>com.khpark.cleint.SimpleChatClient</class>
  <method>info</method>
  <thread>1</thread>
  <message>요청을 기다리는 중..</message>
</record>
<record>
  <date>2015-02-09T17:15:08</date>
  <millis>1423469708659</millis>
  <sequence>27</sequence>
  <logger>com.khpark</logger>
  <level>INFO</level>
  <class>com.khpark.cleint.SimpleChatClient</class>
  <method>info</method>
  <thread>1</thread>
  <message>3 byte 를 읽었습니다.</message>
</record>
<record>
  <date>2015-02-09T17:15:08</date>
  <millis>1423469708661</millis>
  <sequence>28</sequence>
  <logger>com.khpark</logger>
  <level>INFO</level>
  <class>com.khpark.cleint.SimpleChatClient</class>
  <method>info</method>
  <thread>1</thread>
  <message>요청을 기다리는 중..</message>
</record>
<record>
  <date>2015-02-09T17:15:08</date>
  <millis>1423469708979</millis>
  <sequence>29</sequence>
  <logger>com.khpark</logger>
  <level>INFO</level>
  <class>com.khpark.cleint.SimpleChatClient</class>
  <method>info</method>
  <thread>1</thread>
  <message>5 byte 를 읽었습니다.</message>
</record>
<record>
  <date>2015-02-09T17:15:08</date>
  <millis>1423469708981</millis>
  <sequence>30</sequence>
  <logger>com.khpark</logger>
  <level>INFO</level>
  <class>com.khpark.cleint.SimpleChatClient</class>
  <method>info</method>
  <thread>1</thread>
  <message>요청을 기다리는 중..</message>
</record>
<record>
  <date>2015-02-09T17:15:09</date>
  <millis>1423469709212</millis>
  <sequence>31</sequence>
  <logger>com.khpark</logger>
  <level>INFO</level>
  <class>com.khpark.cleint.SimpleChatClient</class>
  <method>info</method>
  <thread>1</thread>
  <message>4 byte 를 읽었습니다.</message>
</record>
<record>
  <date>2015-02-09T17:15:09</date>
  <millis>1423469709214</millis>
  <sequence>32</sequence>
  <logger>com.khpark</logger>
  <level>INFO</level>
  <class>com.khpark.cleint.SimpleChatClient</class>
  <method>info</method>
  <thread>1</thread>
  <message>요청을 기다리는 중..</message>
</record>
<record>
  <date>2015-02-09T17:15:09</date>
  <millis>1423469709403</millis>
  <sequence>33</sequence>
  <logger>com.khpark</logger>
  <level>INFO</level>
  <class>com.khpark.cleint.SimpleChatClient</class>
  <method>info</method>
  <thread>1</thread>
  <message>4 byte 를 읽었습니다.</message>
</record>
<record>
  <date>2015-02-09T17:15:09</date>
  <millis>1423469709405</millis>
  <sequence>34</sequence>
  <logger>com.khpark</logger>
  <level>INFO</level>
  <class>com.khpark.cleint.SimpleChatClient</class>
  <method>info</method>
  <thread>1</thread>
  <message>요청을 기다리는 중..</message>
</record>
<record>
  <date>2015-02-09T17:15:09</date>
  <millis>1423469709555</millis>
  <sequence>35</sequence>
  <logger>com.khpark</logger>
  <level>INFO</level>
  <class>com.khpark.cleint.SimpleChatClient</class>
  <method>info</method>
  <thread>1</thread>
  <message>2 byte 를 읽었습니다.</message>
</record>
<record>
  <date>2015-02-09T17:15:09</date>
  <millis>1423469709557</millis>
  <sequence>36</sequence>
  <logger>com.khpark</logger>
  <level>INFO</level>
  <class>com.khpark.cleint.SimpleChatClient</class>
  <method>info</method>
  <thread>1</thread>
  <message>요청을 기다리는 중..</message>
</record>
<record>
  <date>2015-02-09T17:15:09</date>
  <millis>1423469709691</millis>
  <sequence>37</sequence>
  <logger>com.khpark</logger>
  <level>INFO</level>
  <class>com.khpark.cleint.SimpleChatClient</class>
  <method>info</method>
  <thread>1</thread>
  <message>2 byte 를 읽었습니다.</message>
</record>
<record>
  <date>2015-02-09T17:15:09</date>
  <millis>1423469709693</millis>
  <sequence>38</sequence>
  <logger>com.khpark</logger>
  <level>INFO</level>
  <class>com.khpark.cleint.SimpleChatClient</class>
  <method>info</method>
  <thread>1</thread>
  <message>요청을 기다리는 중..</message>
</record>
<record>
  <date>2015-02-09T17:15:11</date>
  <millis>1423469711733</millis>
  <sequence>39</sequence>
  <logger>com.khpark</logger>
  <level>INFO</level>
  <class>com.khpark.cleint.SimpleChatClient</class>
  <method>info</method>
  <thread>1</thread>
  <message>4 byte 를 읽었습니다.</message>
</record>
<record>
  <date>2015-02-09T17:15:11</date>
  <millis>1423469711734</millis>
  <sequence>40</sequence>
  <logger>com.khpark</logger>
  <level>INFO</level>
  <class>com.khpark.cleint.SimpleChatClient</class>
  <method>info</method>
  <thread>1</thread>
  <message>요청을 기다리는 중..</message>
</record>
<record>
  <date>2015-02-09T17:15:11</date>
  <millis>1423469711948</millis>
  <sequence>41</sequence>
  <logger>com.khpark</logger>
  <level>INFO</level>
  <class>com.khpark.cleint.SimpleChatClient</class>
  <method>info</method>
  <thread>1</thread>
  <message>1 byte 를 읽었습니다.</message>
</record>
<record>
  <date>2015-02-09T17:15:11</date>
  <millis>1423469711950</millis>
  <sequence>42</sequence>
  <logger>com.khpark</logger>
  <level>INFO</level>
  <class>com.khpark.cleint.SimpleChatClient</class>
  <method>info</method>
  <thread>1</thread>
  <message>요청을 기다리는 중..</message>
</record>
<record>
  <date>2015-02-09T17:15:12</date>
  <millis>1423469712108</millis>
  <sequence>43</sequence>
  <logger>com.khpark</logger>
  <level>INFO</level>
  <class>com.khpark.cleint.SimpleChatClient</class>
  <method>info</method>
  <thread>1</thread>
  <message>1 byte 를 읽었습니다.</message>
</record>
<record>
  <date>2015-02-09T17:15:12</date>
  <millis>1423469712109</millis>
  <sequence>44</sequence>
  <logger>com.khpark</logger>
  <level>INFO</level>
  <class>com.khpark.cleint.SimpleChatClient</class>
  <method>info</method>
  <thread>1</thread>
  <message>요청을 기다리는 중..</message>
</record>
<record>
  <date>2015-02-09T17:15:12</date>
  <millis>1423469712276</millis>
  <sequence>45</sequence>
  <logger>com.khpark</logger>
  <level>INFO</level>
  <class>com.khpark.cleint.SimpleChatClient</class>
  <method>info</method>
  <thread>1</thread>
  <message>1 byte 를 읽었습니다.</message>
</record>
<record>
  <date>2015-02-09T17:15:12</date>
  <millis>1423469712277</millis>
  <sequence>46</sequence>
  <logger>com.khpark</logger>
  <level>INFO</level>
  <class>com.khpark.cleint.SimpleChatClient</class>
  <method>info</method>
  <thread>1</thread>
  <message>요청을 기다리는 중..</message>
</record>
<record>
  <date>2015-02-09T17:15:12</date>
  <millis>1423469712469</millis>
  <sequence>47</sequence>
  <logger>com.khpark</logger>
  <level>INFO</level>
  <class>com.khpark.cleint.SimpleChatClient</class>
  <method>info</method>
  <thread>1</thread>
  <message>1 byte 를 읽었습니다.</message>
</record>
<record>
  <date>2015-02-09T17:15:12</date>
  <millis>1423469712470</millis>
  <sequence>48</sequence>
  <logger>com.khpark</logger>
  <level>INFO</level>
  <class>com.khpark.cleint.SimpleChatClient</class>
  <method>info</method>
  <thread>1</thread>
  <message>요청을 기다리는 중..</message>
</record>
<record>
  <date>2015-02-09T17:15:12</date>
  <millis>1423469712637</millis>
  <sequence>49</sequence>
  <logger>com.khpark</logger>
  <level>INFO</level>
  <class>com.khpark.cleint.SimpleChatClient</class>
  <method>info</method>
  <thread>1</thread>
  <message>1 byte 를 읽었습니다.</message>
</record>
<record>
  <date>2015-02-09T17:15:12</date>
  <millis>1423469712638</millis>
  <sequence>50</sequence>
  <logger>com.khpark</logger>
  <level>INFO</level>
  <class>com.khpark.cleint.SimpleChatClient</class>
  <method>info</method>
  <thread>1</thread>
  <message>요청을 기다리는 중..</message>
</record>
<record>
  <date>2015-02-09T17:15:12</date>
  <millis>1423469712797</millis>
  <sequence>51</sequence>
  <logger>com.khpark</logger>
  <level>INFO</level>
  <class>com.khpark.cleint.SimpleChatClient</class>
  <method>info</method>
  <thread>1</thread>
  <message>1 byte 를 읽었습니다.</message>
</record>
<record>
  <date>2015-02-09T17:15:12</date>
  <millis>1423469712798</millis>
  <sequence>52</sequence>
  <logger>com.khpark</logger>
  <level>INFO</level>
  <class>com.khpark.cleint.SimpleChatClient</class>
  <method>info</method>
  <thread>1</thread>
  <message>요청을 기다리는 중..</message>
</record>
<record>
  <date>2015-02-09T17:15:12</date>
  <millis>1423469712991</millis>
  <sequence>53</sequence>
  <logger>com.khpark</logger>
  <level>INFO</level>
  <class>com.khpark.cleint.SimpleChatClient</class>
  <method>info</method>
  <thread>1</thread>
  <message>1 byte 를 읽었습니다.</message>
</record>
<record>
  <date>2015-02-09T17:15:12</date>
  <millis>1423469712992</millis>
  <sequence>54</sequence>
  <logger>com.khpark</logger>
  <level>INFO</level>
  <class>com.khpark.cleint.SimpleChatClient</class>
  <method>info</method>
  <thread>1</thread>
  <message>요청을 기다리는 중..</message>
</record>
<record>
  <date>2015-02-09T17:15:13</date>
  <millis>1423469713173</millis>
  <sequence>55</sequence>
  <logger>com.khpark</logger>
  <level>INFO</level>
  <class>com.khpark.cleint.SimpleChatClient</class>
  <method>info</method>
  <thread>1</thread>
  <message>1 byte 를 읽었습니다.</message>
</record>
<record>
  <date>2015-02-09T17:15:13</date>
  <millis>1423469713174</millis>
  <sequence>56</sequence>
  <logger>com.khpark</logger>
  <level>INFO</level>
  <class>com.khpark.cleint.SimpleChatClient</class>
  <method>info</method>
  <thread>1</thread>
  <message>요청을 기다리는 중..</message>
</record>
<record>
  <date>2015-02-09T17:15:13</date>
  <millis>1423469713349</millis>
  <sequence>57</sequence>
  <logger>com.khpark</logger>
  <level>INFO</level>
  <class>com.khpark.cleint.SimpleChatClient</class>
  <method>info</method>
  <thread>1</thread>
  <message>1 byte 를 읽었습니다.</message>
</record>
<record>
  <date>2015-02-09T17:15:13</date>
  <millis>1423469713350</millis>
  <sequence>58</sequence>
  <logger>com.khpark</logger>
  <level>INFO</level>
  <class>com.khpark.cleint.SimpleChatClient</class>
  <method>info</method>
  <thread>1</thread>
  <message>요청을 기다리는 중..</message>
</record>
<record>
  <date>2015-02-09T17:15:13</date>
  <millis>1423469713598</millis>
  <sequence>59</sequence>
  <logger>com.khpark</logger>
  <level>INFO</level>
  <class>com.khpark.cleint.SimpleChatClient</class>
  <method>info</method>
  <thread>1</thread>
  <message>2 byte 를 읽었습니다.</message>
</record>
<record>
  <date>2015-02-09T17:15:13</date>
  <millis>1423469713599</millis>
  <sequence>60</sequence>
  <logger>com.khpark</logger>
  <level>INFO</level>
  <class>com.khpark.cleint.SimpleChatClient</class>
  <method>info</method>
  <thread>1</thread>
  <message>요청을 기다리는 중..</message>
</record>
<record>
  <date>2015-02-09T17:15:13</date>
  <millis>1423469713965</millis>
  <sequence>61</sequence>
  <logger>com.khpark</logger>
  <level>INFO</level>
  <class>com.khpark.cleint.SimpleChatClient</class>
  <method>info</method>
  <thread>1</thread>
  <message>4 byte 를 읽었습니다.</message>
</record>
<record>
  <date>2015-02-09T17:15:13</date>
  <millis>1423469713966</millis>
  <sequence>62</sequence>
  <logger>com.khpark</logger>
  <level>INFO</level>
  <class>com.khpark.cleint.SimpleChatClient</class>
  <method>info</method>
  <thread>1</thread>
  <message>요청을 기다리는 중..</message>
</record>
<record>
  <date>2015-02-09T17:15:14</date>
  <millis>1423469714149</millis>
  <sequence>63</sequence>
  <logger>com.khpark</logger>
  <level>INFO</level>
  <class>com.khpark.cleint.SimpleChatClient</class>
  <method>info</method>
  <thread>1</thread>
  <message>2 byte 를 읽었습니다.</message>
</record>
<record>
  <date>2015-02-09T17:15:14</date>
  <millis>1423469714150</millis>
  <sequence>64</sequence>
  <logger>com.khpark</logger>
  <level>INFO</level>
  <class>com.khpark.cleint.SimpleChatClient</class>
  <method>info</method>
  <thread>1</thread>
  <message>요청을 기다리는 중..</message>
</record>
<record>
  <date>2015-02-09T17:15:14</date>
  <millis>1423469714453</millis>
  <sequence>65</sequence>
  <logger>com.khpark</logger>
  <level>INFO</level>
  <class>com.khpark.cleint.SimpleChatClient</class>
  <method>info</method>
  <thread>1</thread>
  <message>5 byte 를 읽었습니다.</message>
</record>
<record>
  <date>2015-02-09T17:15:14</date>
  <millis>1423469714454</millis>
  <sequence>66</sequence>
  <logger>com.khpark</logger>
  <level>INFO</level>
  <class>com.khpark.cleint.SimpleChatClient</class>
  <method>info</method>
  <thread>1</thread>
  <message>요청을 기다리는 중..</message>
</record>
<record>
  <date>2015-02-09T17:15:14</date>
  <millis>1423469714701</millis>
  <sequence>67</sequence>
  <logger>com.khpark</logger>
  <level>INFO</level>
  <class>com.khpark.cleint.SimpleChatClient</class>
  <method>info</method>
  <thread>1</thread>
  <message>3 byte 를 읽었습니다.</message>
</record>
<record>
  <date>2015-02-09T17:15:14</date>
  <millis>1423469714702</millis>
  <sequence>68</sequence>
  <logger>com.khpark</logger>
  <level>INFO</level>
  <class>com.khpark.cleint.SimpleChatClient</class>
  <method>info</method>
  <thread>1</thread>
  <message>요청을 기다리는 중..</message>
</record>
<record>
  <date>2015-02-09T17:15:14</date>
  <millis>1423469714845</millis>
  <sequence>69</sequence>
  <logger>com.khpark</logger>
  <level>INFO</level>
  <class>com.khpark.cleint.SimpleChatClient</class>
  <method>info</method>
  <thread>1</thread>
  <message>2 byte 를 읽었습니다.</message>
</record>
<record>
  <date>2015-02-09T17:15:14</date>
  <millis>1423469714846</millis>
  <sequence>70</sequence>
  <logger>com.khpark</logger>
  <level>INFO</level>
  <class>com.khpark.cleint.SimpleChatClient</class>
  <method>info</method>
  <thread>1</thread>
  <message>요청을 기다리는 중..</message>
</record>
<record>
  <date>2015-02-09T17:15:15</date>
  <millis>1423469715006</millis>
  <sequence>71</sequence>
  <logger>com.khpark</logger>
  <level>INFO</level>
  <class>com.khpark.cleint.SimpleChatClient</class>
  <method>info</method>
  <thread>1</thread>
  <message>2 byte 를 읽었습니다.</message>
</record>
<record>
  <date>2015-02-09T17:15:15</date>
  <millis>1423469715007</millis>
  <sequence>72</sequence>
  <logger>com.khpark</logger>
  <level>INFO</level>
  <class>com.khpark.cleint.SimpleChatClient</class>
  <method>info</method>
  <thread>1</thread>
  <message>요청을 기다리는 중..</message>
</record>
<record>
  <date>2015-02-09T17:15:15</date>
  <millis>1423469715174</millis>
  <sequence>73</sequence>
  <logger>com.khpark</logger>
  <level>INFO</level>
  <class>com.khpark.cleint.SimpleChatClient</class>
  <method>info</method>
  <thread>1</thread>
  <message>4 byte 를 읽었습니다.</message>
</record>
<record>
  <date>2015-02-09T17:15:15</date>
  <millis>1423469715176</millis>
  <sequence>74</sequence>
  <logger>com.khpark</logger>
  <level>INFO</level>
  <class>com.khpark.cleint.SimpleChatClient</class>
  <method>info</method>
  <thread>1</thread>
  <message>요청을 기다리는 중..</message>
</record>
<record>
  <date>2015-02-09T17:15:15</date>
  <millis>1423469715326</millis>
  <sequence>75</sequence>
  <logger>com.khpark</logger>
  <level>INFO</level>
  <class>com.khpark.cleint.SimpleChatClient</class>
  <method>info</method>
  <thread>1</thread>
  <message>3 byte 를 읽었습니다.</message>
</record>
<record>
  <date>2015-02-09T17:15:15</date>
  <millis>1423469715328</millis>
  <sequence>76</sequence>
  <logger>com.khpark</logger>
  <level>INFO</level>
  <class>com.khpark.cleint.SimpleChatClient</class>
  <method>info</method>
  <thread>1</thread>
  <message>요청을 기다리는 중..</message>
</record>
<record>
  <date>2015-02-09T17:15:15</date>
  <millis>1423469715479</millis>
  <sequence>77</sequence>
  <logger>com.khpark</logger>
  <level>INFO</level>
  <class>com.khpark.cleint.SimpleChatClient</class>
  <method>info</method>
  <thread>1</thread>
  <message>1 byte 를 읽었습니다.</message>
</record>
<record>
  <date>2015-02-09T17:15:15</date>
  <millis>1423469715480</millis>
  <sequence>78</sequence>
  <logger>com.khpark</logger>
  <level>INFO</level>
  <class>com.khpark.cleint.SimpleChatClient</class>
  <method>info</method>
  <thread>1</thread>
  <message>요청을 기다리는 중..</message>
</record>
<record>
  <date>2015-02-09T17:15:16</date>
  <millis>1423469716463</millis>
  <sequence>79</sequence>
  <logger>com.khpark</logger>
  <level>INFO</level>
  <class>com.khpark.cleint.SimpleChatClient</class>
  <method>info</method>
  <thread>1</thread>
  <message>4 byte 를 읽었습니다.</message>
</record>
<record>
  <date>2015-02-09T17:15:16</date>
  <millis>1423469716464</millis>
  <sequence>80</sequence>
  <logger>com.khpark</logger>
  <level>INFO</level>
  <class>com.khpark.cleint.SimpleChatClient</class>
  <method>info</method>
  <thread>1</thread>
  <message>요청을 기다리는 중..</message>
</record>
<record>
  <date>2015-02-09T17:15:17</date>
  <millis>1423469717454</millis>
  <sequence>81</sequence>
  <logger>com.khpark</logger>
  <level>INFO</level>
  <class>com.khpark.cleint.SimpleChatClient</class>
  <method>info</method>
  <thread>1</thread>
  <message>2 byte 를 읽었습니다.</message>
</record>
<record>
  <date>2015-02-09T17:15:17</date>
  <millis>1423469717456</millis>
  <sequence>82</sequence>
  <logger>com.khpark</logger>
  <level>INFO</level>
  <class>com.khpark.cleint.SimpleChatClient</class>
  <method>info</method>
  <thread>1</thread>
  <message>요청을 기다리는 중..</message>
</record>
<record>
  <date>2015-02-09T17:15:17</date>
  <millis>1423469717694</millis>
  <sequence>83</sequence>
  <logger>com.khpark</logger>
  <level>INFO</level>
  <class>com.khpark.cleint.SimpleChatClient</class>
  <method>info</method>
  <thread>1</thread>
  <message>3 byte 를 읽었습니다.</message>
</record>
<record>
  <date>2015-02-09T17:15:17</date>
  <millis>1423469717695</millis>
  <sequence>84</sequence>
  <logger>com.khpark</logger>
  <level>INFO</level>
  <class>com.khpark.cleint.SimpleChatClient</class>
  <method>info</method>
  <thread>1</thread>
  <message>요청을 기다리는 중..</message>
</record>
<record>
  <date>2015-02-09T17:15:18</date>
  <millis>1423469718262</millis>
  <sequence>85</sequence>
  <logger>com.khpark</logger>
  <level>INFO</level>
  <class>com.khpark.cleint.SimpleChatClient</class>
  <method>info</method>
  <thread>1</thread>
  <message>3 byte 를 읽었습니다.</message>
</record>
<record>
  <date>2015-02-09T17:15:18</date>
  <millis>1423469718265</millis>
  <sequence>86</sequence>
  <logger>com.khpark</logger>
  <level>INFO</level>
  <class>com.khpark.cleint.SimpleChatClient</class>
  <method>info</method>
  <thread>1</thread>
  <message>요청을 기다리는 중..</message>
</record>
<record>
  <date>2015-02-09T17:15:18</date>
  <millis>1423469718480</millis>
  <sequence>87</sequence>
  <logger>com.khpark</logger>
  <level>INFO</level>
  <class>com.khpark.cleint.SimpleChatClient</class>
  <method>info</method>
  <thread>1</thread>
  <message>3 byte 를 읽었습니다.</message>
</record>
<record>
  <date>2015-02-09T17:15:18</date>
  <millis>1423469718481</millis>
  <sequence>88</sequence>
  <logger>com.khpark</logger>
  <level>INFO</level>
  <class>com.khpark.cleint.SimpleChatClient</class>
  <method>info</method>
  <thread>1</thread>
  <message>요청을 기다리는 중..</message>
</record>
<record>
  <date>2015-02-09T17:15:18</date>
  <millis>1423469718689</millis>
  <sequence>89</sequence>
  <logger>com.khpark</logger>
  <level>INFO</level>
  <class>com.khpark.cleint.SimpleChatClient</class>
  <method>info</method>
  <thread>1</thread>
  <message>3 byte 를 읽었습니다.</message>
</record>
<record>
  <date>2015-02-09T17:15:18</date>
  <millis>1423469718690</millis>
  <sequence>90</sequence>
  <logger>com.khpark</logger>
  <level>INFO</level>
  <class>com.khpark.cleint.SimpleChatClient</class>
  <method>info</method>
  <thread>1</thread>
  <message>요청을 기다리는 중..</message>
</record>
